{
  "/home/lp01/code/auto/grid-play/src/lib/api/yts.ts": {
    "path": "/home/lp01/code/auto/grid-play/src/lib/api/yts.ts",
    "statementMap": {
      "0": { "start": { "line": 3, "column": 17 }, "end": { "line": 3, "column": null } },
      "1": { "start": { "line": 6, "column": 14 }, "end": { "line": 6, "column": null } },
      "2": { "start": { "line": 7, "column": 2 }, "end": { "line": 9, "column": null } },
      "3": { "start": { "line": 8, "column": 4 }, "end": { "line": 8, "column": null } },
      "4": { "start": { "line": 10, "column": 15 }, "end": { "line": 10, "column": null } },
      "5": { "start": { "line": 11, "column": 2 }, "end": { "line": 13, "column": null } },
      "6": { "start": { "line": 12, "column": 4 }, "end": { "line": 12, "column": null } },
      "7": { "start": { "line": 14, "column": 2 }, "end": { "line": 14, "column": null } },
      "8": { "start": { "line": 18, "column": 14 }, "end": { "line": 18, "column": null } },
      "9": { "start": { "line": 19, "column": 2 }, "end": { "line": 21, "column": null } },
      "10": { "start": { "line": 20, "column": 4 }, "end": { "line": 20, "column": null } },
      "11": { "start": { "line": 22, "column": 15 }, "end": { "line": 22, "column": null } },
      "12": { "start": { "line": 23, "column": 2 }, "end": { "line": 25, "column": null } },
      "13": { "start": { "line": 24, "column": 4 }, "end": { "line": 24, "column": null } },
      "14": { "start": { "line": 26, "column": 2 }, "end": { "line": 26, "column": null } }
    },
    "fnMap": {
      "0": {
        "name": "getPopularMovies",
        "decl": { "start": { "line": 5, "column": 22 }, "end": { "line": 5, "column": 39 } },
        "loc": { "start": { "line": 5, "column": 69 }, "end": { "line": 15, "column": null } },
        "line": 5
      },
      "1": {
        "name": "getMovieDetails",
        "decl": { "start": { "line": 17, "column": 22 }, "end": { "line": 17, "column": 38 } },
        "loc": { "start": { "line": 17, "column": 80 }, "end": { "line": 27, "column": null } },
        "line": 17
      }
    },
    "branchMap": {
      "0": {
        "loc": { "start": { "line": 5, "column": 39 }, "end": { "line": 5, "column": 69 } },
        "type": "default-arg",
        "locations": [{ "start": { "line": 5, "column": 47 }, "end": { "line": 5, "column": 69 } }],
        "line": 5
      },
      "1": {
        "loc": { "start": { "line": 7, "column": 2 }, "end": { "line": 9, "column": null } },
        "type": "if",
        "locations": [
          { "start": { "line": 7, "column": 2 }, "end": { "line": 9, "column": null } },
          { "start": {}, "end": {} }
        ],
        "line": 7
      },
      "2": {
        "loc": { "start": { "line": 11, "column": 2 }, "end": { "line": 13, "column": null } },
        "type": "if",
        "locations": [
          { "start": { "line": 11, "column": 2 }, "end": { "line": 13, "column": null } },
          { "start": {}, "end": {} }
        ],
        "line": 11
      },
      "3": {
        "loc": { "start": { "line": 12, "column": 20 }, "end": { "line": 12, "column": 66 } },
        "type": "binary-expr",
        "locations": [
          { "start": { "line": 12, "column": 20 }, "end": { "line": 12, "column": 43 } },
          { "start": { "line": 12, "column": 43 }, "end": { "line": 12, "column": 66 } }
        ],
        "line": 12
      },
      "4": {
        "loc": { "start": { "line": 14, "column": 9 }, "end": { "line": 14, "column": null } },
        "type": "binary-expr",
        "locations": [
          { "start": { "line": 14, "column": 9 }, "end": { "line": 14, "column": 29 } },
          { "start": { "line": 14, "column": 29 }, "end": { "line": 14, "column": null } }
        ],
        "line": 14
      },
      "5": {
        "loc": { "start": { "line": 19, "column": 2 }, "end": { "line": 21, "column": null } },
        "type": "if",
        "locations": [
          { "start": { "line": 19, "column": 2 }, "end": { "line": 21, "column": null } },
          { "start": {}, "end": {} }
        ],
        "line": 19
      },
      "6": {
        "loc": { "start": { "line": 23, "column": 2 }, "end": { "line": 25, "column": null } },
        "type": "if",
        "locations": [
          { "start": { "line": 23, "column": 2 }, "end": { "line": 25, "column": null } },
          { "start": {}, "end": {} }
        ],
        "line": 23
      },
      "7": {
        "loc": { "start": { "line": 24, "column": 20 }, "end": { "line": 24, "column": 66 } },
        "type": "binary-expr",
        "locations": [
          { "start": { "line": 24, "column": 20 }, "end": { "line": 24, "column": 43 } },
          { "start": { "line": 24, "column": 43 }, "end": { "line": 24, "column": 66 } }
        ],
        "line": 24
      }
    },
    "s": {
      "0": 1,
      "1": 3,
      "2": 3,
      "3": 1,
      "4": 2,
      "5": 2,
      "6": 1,
      "7": 1,
      "8": 2,
      "9": 2,
      "10": 0,
      "11": 2,
      "12": 2,
      "13": 1,
      "14": 1
    },
    "f": { "0": 3, "1": 2 },
    "b": {
      "0": [3],
      "1": [1, 2],
      "2": [1, 1],
      "3": [1, 0],
      "4": [1, 0],
      "5": [0, 2],
      "6": [1, 1],
      "7": [1, 1]
    },
    "meta": {
      "lastBranch": 8,
      "lastFunction": 2,
      "lastStatement": 15,
      "seen": {
        "s:3:17:3:Infinity": 0,
        "f:5:22:5:39": 0,
        "b:5:47:5:69": 0,
        "s:6:14:6:Infinity": 1,
        "b:7:2:9:Infinity:undefined:undefined:undefined:undefined": 1,
        "s:7:2:9:Infinity": 2,
        "s:8:4:8:Infinity": 3,
        "s:10:15:10:Infinity": 4,
        "b:11:2:13:Infinity:undefined:undefined:undefined:undefined": 2,
        "s:11:2:13:Infinity": 5,
        "s:12:4:12:Infinity": 6,
        "b:12:20:12:43:12:43:12:66": 3,
        "s:14:2:14:Infinity": 7,
        "b:14:9:14:29:14:29:14:Infinity": 4,
        "f:17:22:17:38": 1,
        "s:18:14:18:Infinity": 8,
        "b:19:2:21:Infinity:undefined:undefined:undefined:undefined": 5,
        "s:19:2:21:Infinity": 9,
        "s:20:4:20:Infinity": 10,
        "s:22:15:22:Infinity": 11,
        "b:23:2:25:Infinity:undefined:undefined:undefined:undefined": 6,
        "s:23:2:25:Infinity": 12,
        "s:24:4:24:Infinity": 13,
        "b:24:20:24:43:24:43:24:66": 7,
        "s:26:2:26:Infinity": 14
      },
      "fnNames": {}
    }
  },
  "/home/lp01/code/auto/grid-play/src/lib/components/MovieCard.svelte": {
    "path": "/home/lp01/code/auto/grid-play/src/lib/components/MovieCard.svelte",
    "statementMap": {
      "0": { "start": { "line": 7, "column": 2 }, "end": { "line": 7, "column": 23 } },
      "1": { "start": { "line": 8, "column": 6 }, "end": { "line": 7, "column": 23 } },
      "2": { "start": { "line": 9, "column": 8 }, "end": { "line": 8, "column": null } },
      "3": { "start": { "line": 15, "column": 8 }, "end": { "line": 9, "column": null } },
      "4": { "start": { "line": 17, "column": 11 }, "end": { "line": 15, "column": null } },
      "5": { "start": { "line": 17, "column": 7 }, "end": { "line": 17, "column": 71 } },
      "6": { "start": { "line": 15, "column": 5 }, "end": { "line": 15, "column": null } },
      "7": { "start": { "line": 8, "column": 3 }, "end": { "line": 8, "column": null } },
      "8": { "start": { "line": 20, "column": 6 }, "end": { "line": 8, "column": null } },
      "9": { "start": { "line": 21, "column": 7 }, "end": { "line": 20, "column": null } },
      "10": { "start": { "line": 21, "column": 5 }, "end": { "line": 21, "column": 56 } },
      "11": { "start": { "line": 22, "column": 8 }, "end": { "line": 21, "column": 56 } },
      "12": { "start": { "line": 23, "column": 11 }, "end": { "line": 22, "column": null } },
      "13": { "start": { "line": 23, "column": 7 }, "end": { "line": 23, "column": 49 } },
      "14": { "start": { "line": 22, "column": 5 }, "end": { "line": 22, "column": null } },
      "15": { "start": { "line": 20, "column": 3 }, "end": { "line": 20, "column": null } },
      "16": { "start": { "line": 7, "column": 1 }, "end": { "line": 7, "column": 23 } },
      "17": { "start": { "line": 7, "column": 1 }, "end": { "line": 7, "column": null } },
      "18": { "start": { "line": 9, "column": 5 }, "end": { "line": 10, "column": null } },
      "19": { "start": { "line": 9, "column": 5 }, "end": { "line": 11, "column": null } },
      "20": { "start": { "line": 17, "column": 71 }, "end": { "line": 17, "column": null } },
      "21": { "start": { "line": 21, "column": 5 }, "end": { "line": 21, "column": 70 } },
      "22": { "start": { "line": 21, "column": 70 }, "end": { "line": 21, "column": null } },
      "23": { "start": { "line": 23, "column": 49 }, "end": { "line": 23, "column": null } }
    },
    "fnMap": {
      "0": {
        "name": "MovieCard",
        "decl": { "start": { "line": 1, "column": 0 }, "end": { "line": 1, "column": null } },
        "loc": { "start": { "line": 1, "column": 0 }, "end": { "line": 5, "column": null } },
        "line": 1
      }
    },
    "branchMap": {
      "0": {
        "loc": { "start": { "line": 7, "column": 2 }, "end": { "line": 7, "column": null } },
        "type": "binary-expr",
        "locations": [
          { "start": { "line": 7, "column": 2 }, "end": { "line": 7, "column": 25 } },
          { "start": { "line": 7, "column": 25 }, "end": { "line": 7, "column": null } }
        ],
        "line": 7
      },
      "1": {
        "loc": { "start": { "line": 17, "column": 71 }, "end": { "line": 17, "column": null } },
        "type": "binary-expr",
        "locations": [
          { "start": { "line": 17, "column": 71 }, "end": { "line": 17, "column": 77 } },
          { "start": { "line": 17, "column": 77 }, "end": { "line": 17, "column": null } }
        ],
        "line": 17
      }
    },
    "s": {
      "0": 1,
      "1": 1,
      "2": 1,
      "3": 1,
      "4": 1,
      "5": 1,
      "6": 1,
      "7": 1,
      "8": 1,
      "9": 1,
      "10": 1,
      "11": 1,
      "12": 1,
      "13": 1,
      "14": 1,
      "15": 1,
      "16": 1,
      "17": 1,
      "18": 1,
      "19": 1,
      "20": 1,
      "21": 1,
      "22": 1,
      "23": 1
    },
    "f": { "0": 1 },
    "b": { "0": [1, 0], "1": [1, 0] },
    "meta": {
      "lastBranch": 2,
      "lastFunction": 1,
      "lastStatement": 24,
      "seen": {
        "f:1:0:1:Infinity": 0,
        "s:7:2:7:23": 0,
        "s:8:6:7:23": 1,
        "s:9:8:8:Infinity": 2,
        "s:15:8:9:Infinity": 3,
        "s:17:11:15:Infinity": 4,
        "s:17:7:17:71": 5,
        "s:15:5:15:Infinity": 6,
        "s:8:3:8:Infinity": 7,
        "s:20:6:8:Infinity": 8,
        "s:21:7:20:Infinity": 9,
        "s:21:5:21:56": 10,
        "s:22:8:21:56": 11,
        "s:23:11:22:Infinity": 12,
        "s:23:7:23:49": 13,
        "s:22:5:22:Infinity": 14,
        "s:20:3:20:Infinity": 15,
        "s:7:1:7:23": 16,
        "s:7:1:7:Infinity": 17,
        "b:7:2:7:25:7:25:7:Infinity": 0,
        "s:9:5:10:Infinity": 18,
        "s:9:5:11:Infinity": 19,
        "s:17:71:17:Infinity": 20,
        "b:17:71:17:77:17:77:17:Infinity": 1,
        "s:21:5:21:70": 21,
        "s:21:70:21:Infinity": 22,
        "s:23:49:23:Infinity": 23
      },
      "fnNames": {}
    }
  },
  "/home/lp01/code/auto/grid-play/src/lib/components/VideoPlayer.svelte": {
    "path": "/home/lp01/code/auto/grid-play/src/lib/components/VideoPlayer.svelte",
    "statementMap": {
      "0": { "start": { "line": 5, "column": 4 }, "end": { "line": 5, "column": null } },
      "1": { "start": { "line": 7, "column": 8 }, "end": { "line": 5, "column": null } },
      "2": { "start": { "line": 7, "column": 3 }, "end": { "line": 7, "column": null } },
      "3": { "start": { "line": 5, "column": 1 }, "end": { "line": 5, "column": null } }
    },
    "fnMap": {
      "0": {
        "name": "VideoPlayer",
        "decl": { "start": { "line": 1, "column": 0 }, "end": { "line": 1, "column": null } },
        "loc": { "start": { "line": 1, "column": 0 }, "end": { "line": 3, "column": null } },
        "line": 1
      },
      "1": {
        "name": "(anonymous_1)",
        "decl": { "start": { "line": 7, "column": 3 }, "end": { "line": 7, "column": 8 } },
        "loc": { "start": { "line": 7, "column": 3 }, "end": { "line": 7, "column": null } },
        "line": 7
      }
    },
    "branchMap": {},
    "s": { "0": 1, "1": 1, "2": 1, "3": 1 },
    "f": { "0": 1, "1": 1 },
    "b": {},
    "meta": {
      "lastBranch": 0,
      "lastFunction": 2,
      "lastStatement": 4,
      "seen": {
        "f:1:0:1:Infinity": 0,
        "s:5:4:5:Infinity": 0,
        "s:7:8:5:Infinity": 1,
        "s:7:3:7:Infinity": 2,
        "f:7:3:7:8": 1,
        "s:5:1:5:Infinity": 3
      },
      "fnNames": {}
    }
  },
  "/home/lp01/code/auto/grid-play/src/lib/engine/torrent.ts": {
    "path": "/home/lp01/code/auto/grid-play/src/lib/engine/torrent.ts",
    "statementMap": {
      "0": { "start": { "line": 4, "column": 19 }, "end": { "line": 4, "column": null } },
      "1": { "start": { "line": 7, "column": 2 }, "end": { "line": 11, "column": null } },
      "2": { "start": { "line": 8, "column": 4 }, "end": { "line": 8, "column": null } },
      "3": { "start": { "line": 10, "column": 4 }, "end": { "line": 10, "column": null } },
      "4": { "start": { "line": 15, "column": 14 }, "end": { "line": 21, "column": null } },
      "5": { "start": { "line": 23, "column": 2 }, "end": { "line": 25, "column": null } },
      "6": { "start": { "line": 24, "column": 4 }, "end": { "line": 24, "column": null } },
      "7": { "start": { "line": 27, "column": 15 }, "end": { "line": 27, "column": null } },
      "8": { "start": { "line": 28, "column": 2 }, "end": { "line": 28, "column": null } },
      "9": { "start": { "line": 32, "column": 20 }, "end": { "line": 32, "column": null } },
      "10": { "start": { "line": 33, "column": 16 }, "end": { "line": 33, "column": null } },
      "11": { "start": { "line": 35, "column": 2 }, "end": { "line": 40, "column": null } },
      "12": { "start": { "line": 36, "column": 4 }, "end": { "line": 39, "column": null } },
      "13": { "start": { "line": 37, "column": 6 }, "end": { "line": 37, "column": null } },
      "14": { "start": { "line": 38, "column": 6 }, "end": { "line": 38, "column": null } },
      "15": { "start": { "line": 42, "column": 2 }, "end": { "line": 42, "column": null } },
      "16": { "start": { "line": 46, "column": 2 }, "end": { "line": 46, "column": null } }
    },
    "fnMap": {
      "0": {
        "name": "startEngine",
        "decl": { "start": { "line": 6, "column": 22 }, "end": { "line": 6, "column": 51 } },
        "loc": { "start": { "line": 6, "column": 51 }, "end": { "line": 12, "column": null } },
        "line": 6
      },
      "1": {
        "name": "addTorrent",
        "decl": { "start": { "line": 14, "column": 22 }, "end": { "line": 14, "column": 33 } },
        "loc": { "start": { "line": 14, "column": 84 }, "end": { "line": 29, "column": null } },
        "line": 14
      },
      "2": {
        "name": "getBestVideoFileIndex",
        "decl": { "start": { "line": 31, "column": 16 }, "end": { "line": 31, "column": 38 } },
        "loc": { "start": { "line": 31, "column": 89 }, "end": { "line": 43, "column": null } },
        "line": 31
      },
      "3": {
        "name": "(anonymous_3)",
        "decl": { "start": { "line": 35, "column": 8 }, "end": { "line": 35, "column": 17 } },
        "loc": { "start": { "line": 35, "column": 28 }, "end": { "line": 40, "column": 3 } },
        "line": 35
      },
      "4": {
        "name": "getStreamUrl",
        "decl": { "start": { "line": 45, "column": 16 }, "end": { "line": 45, "column": 29 } },
        "loc": { "start": { "line": 45, "column": 72 }, "end": { "line": 47, "column": null } },
        "line": 45
      }
    },
    "branchMap": {
      "0": {
        "loc": { "start": { "line": 23, "column": 2 }, "end": { "line": 25, "column": null } },
        "type": "if",
        "locations": [
          { "start": { "line": 23, "column": 2 }, "end": { "line": 25, "column": null } },
          { "start": {}, "end": {} }
        ],
        "line": 23
      },
      "1": {
        "loc": { "start": { "line": 36, "column": 4 }, "end": { "line": 39, "column": null } },
        "type": "if",
        "locations": [
          { "start": { "line": 36, "column": 4 }, "end": { "line": 39, "column": null } },
          { "start": {}, "end": {} }
        ],
        "line": 36
      },
      "2": {
        "loc": { "start": { "line": 36, "column": 4 }, "end": { "line": 36, "column": 112 } },
        "type": "binary-expr",
        "locations": [
          { "start": { "line": 36, "column": 9 }, "end": { "line": 36, "column": 36 } },
          { "start": { "line": 36, "column": 36 }, "end": { "line": 36, "column": 63 } },
          { "start": { "line": 36, "column": 63 }, "end": { "line": 36, "column": 92 } },
          { "start": { "line": 36, "column": 92 }, "end": { "line": 36, "column": 112 } }
        ],
        "line": 36
      }
    },
    "s": {
      "0": 1,
      "1": 2,
      "2": 2,
      "3": 1,
      "4": 2,
      "5": 2,
      "6": 1,
      "7": 1,
      "8": 1,
      "9": 1,
      "10": 1,
      "11": 1,
      "12": 3,
      "13": 2,
      "14": 2,
      "15": 1,
      "16": 1
    },
    "f": { "0": 2, "1": 2, "2": 1, "3": 3, "4": 1 },
    "b": { "0": [1, 1], "1": [2, 1], "2": [3, 1, 1, 2] },
    "meta": {
      "lastBranch": 3,
      "lastFunction": 5,
      "lastStatement": 17,
      "seen": {
        "s:4:19:4:Infinity": 0,
        "f:6:22:6:51": 0,
        "s:7:2:11:Infinity": 1,
        "s:8:4:8:Infinity": 2,
        "s:10:4:10:Infinity": 3,
        "f:14:22:14:33": 1,
        "s:15:14:21:Infinity": 4,
        "b:23:2:25:Infinity:undefined:undefined:undefined:undefined": 0,
        "s:23:2:25:Infinity": 5,
        "s:24:4:24:Infinity": 6,
        "s:27:15:27:Infinity": 7,
        "s:28:2:28:Infinity": 8,
        "f:31:16:31:38": 2,
        "s:32:20:32:Infinity": 9,
        "s:33:16:33:Infinity": 10,
        "s:35:2:40:Infinity": 11,
        "f:35:8:35:17": 3,
        "b:36:4:39:Infinity:undefined:undefined:undefined:undefined": 1,
        "s:36:4:39:Infinity": 12,
        "b:36:9:36:36:36:36:36:63:36:63:36:92:36:92:36:112": 2,
        "s:37:6:37:Infinity": 13,
        "s:38:6:38:Infinity": 14,
        "s:42:2:42:Infinity": 15,
        "f:45:16:45:29": 4,
        "s:46:2:46:Infinity": 16
      },
      "fnNames": {}
    }
  }
}
